<?xml version="1.0" encoding="UTF-8"?>
<!-- Generated by org.testng.reporters.JUnitReportReporter -->
<testsuite hostname="sojib-HP" name="test.MakingPlayerTest" tests="1" failures="0" timestamp="8 Nov 2015 19:17:25 GMT" time="12.959" errors="0">
  <testcase name="MakingPlayer" time="12.959" classname="test.MakingPlayerTest"/>
</testsuite> <!-- test.MakingPlayerTest -->
