<?xml version="1.0" encoding="UTF-8"?>
<!-- Generated by org.testng.reporters.JUnitReportReporter -->
<testsuite hostname="sojib-HP" name="test.ContentVideoVIaYUrlTest" tests="1" failures="0" timestamp="11 Nov 2015 02:28:19 GMT" time="34.686" errors="0">
  <testcase name="ContentVideoTwo" time="34.686" classname="test.ContentVideoVIaYUrlTest"/>
</testsuite> <!-- test.ContentVideoVIaYUrlTest -->
