<?xml version="1.0" encoding="UTF-8"?>
<!-- Generated by org.testng.reporters.JUnitReportReporter -->
<testsuite hostname="sojib-HP" name="test.ContentVideoVIaYUrlTest" tests="1" failures="0" timestamp="20 Nov 2015 03:37:04 GMT" time="36.774" errors="0">
  <testcase name="ContentVideoTwo" time="36.774" classname="test.ContentVideoVIaYUrlTest"/>
</testsuite> <!-- test.ContentVideoVIaYUrlTest -->
