<?xml version="1.0" encoding="UTF-8"?>
<!-- Generated by org.testng.reporters.JUnitReportReporter -->
<testsuite hostname="sojib-HP" name="test.SupportTest" tests="1" failures="0" timestamp="6 Mar 2016 03:53:23 GMT" time="6.925" errors="0">
  <testcase name="SupportingTestLink" time="6.925" classname="test.SupportTest"/>
</testsuite> <!-- test.SupportTest -->
