<?xml version="1.0" encoding="UTF-8"?>
<!-- Generated by org.testng.reporters.JUnitReportReporter -->
<testsuite hostname="sojib-HP" name="test.BuildPlayerTest" tests="1" failures="0" timestamp="5 Mar 2016 15:23:02 GMT" time="9.605" errors="0">
  <testcase name="testDesignPlayer" time="9.605" classname="test.BuildPlayerTest"/>
</testsuite> <!-- test.BuildPlayerTest -->
