<?xml version="1.0" encoding="UTF-8"?>
<!-- Generated by org.testng.reporters.JUnitReportReporter -->
<testsuite hostname="sojib-HP" name="test.LogInTest" tests="1" failures="0" timestamp="8 Nov 2015 18:37:16 GMT" time="10.500" errors="0">
  <testcase name="testLogin" time="10.500" classname="test.LogInTest"/>
</testsuite> <!-- test.LogInTest -->
