<?xml version="1.0" encoding="UTF-8"?>
<!-- Generated by org.testng.reporters.JUnitReportReporter -->
<testsuite hostname="sojib-HP" name="test.PracticeTest" tests="1" failures="0" timestamp="13 Jan 2016 01:29:34 GMT" time="1.442" errors="0">
  <testcase name="sampleTest" time="1.442" classname="test.PracticeTest"/>
</testsuite> <!-- test.PracticeTest -->
