<?xml version="1.0" encoding="UTF-8"?>
<!-- Generated by org.testng.reporters.JUnitReportReporter -->
<testsuite hostname="sojib-HP" name="test.ContentVideosTest" tests="1" failures="0" timestamp="5 Mar 2016 16:31:32 GMT" time="7.277" errors="0">
  <testcase name="uploadingVideos" time="7.277" classname="test.ContentVideosTest"/>
</testsuite> <!-- test.ContentVideosTest -->
