<?xml version="1.0" encoding="UTF-8"?>
<!-- Generated by org.testng.reporters.JUnitReportReporter -->
<testsuite hostname="sojib-HP" name="test.ContentVideosTest" tests="1" failures="0" timestamp="10 Nov 2015 03:56:16 GMT" time="21.344" errors="0">
  <testcase name="uploadingVideos" time="21.344" classname="test.ContentVideosTest"/>
</testsuite> <!-- test.ContentVideosTest -->
