<?xml version="1.0" encoding="UTF-8"?>
<!-- Generated by org.testng.reporters.JUnitReportReporter -->
<testsuite hostname="sojib-HP" name="test.UsersCounttest" tests="1" failures="0" timestamp="5 Mar 2016 15:03:58 GMT" time="9.143" errors="0">
  <testcase name="CountingUsers" time="9.143" classname="test.UsersCounttest"/>
</testsuite> <!-- test.UsersCounttest -->
