<?xml version="1.0" encoding="UTF-8"?>
<!-- Generated by org.testng.reporters.JUnitReportReporter -->
<testsuite hostname="sojib-HP" name="test.LogInTest" tests="1" failures="0" timestamp="5 Mar 2016 14:57:10 GMT" time="24.373" errors="0">
  <testcase name="testLogin" time="24.373" classname="test.LogInTest"/>
</testsuite> <!-- test.LogInTest -->
