<?xml version="1.0" encoding="UTF-8"?>
<!-- Generated by org.testng.reporters.JUnitReportReporter -->
<testsuite hostname="sojib-HP" name="test.MakingPlayerTest" tests="1" failures="0" timestamp="5 Mar 2016 15:02:38 GMT" time="9.074" errors="0">
  <testcase name="MakingPlayer" time="9.074" classname="test.MakingPlayerTest"/>
</testsuite> <!-- test.MakingPlayerTest -->
