<?xml version="1.0" encoding="UTF-8"?>
<!-- Generated by org.testng.reporters.JUnitReportReporter -->
<testsuite hostname="sojib-HP" name="test.UsersCounttest" tests="1" failures="0" timestamp="8 Mar 2016 03:45:46 GMT" time="2.707" errors="0">
  <testcase name="CountingUsers" time="2.707" classname="test.UsersCounttest"/>
</testsuite> <!-- test.UsersCounttest -->
