<?xml version="1.0" encoding="UTF-8"?>
<!-- Generated by org.testng.reporters.JUnitReportReporter -->
<testsuite hostname="sojib-HP" name="test.AssertionsTest" tests="1" failures="0" timestamp="4 Mar 2016 01:48:54 GMT" time="11.649" errors="0">
  <testcase name="VarifyingTenPlayersEachPageTest" time="11.649" classname="test.AssertionsTest"/>
</testsuite> <!-- test.AssertionsTest -->
