<?xml version="1.0" encoding="UTF-8"?>
<!-- Generated by org.testng.reporters.JUnitReportReporter -->
<testsuite hostname="sojib-HP" name="test.AnalyticsTest" tests="1" failures="0" timestamp="6 Mar 2016 03:45:52 GMT" time="7.186" errors="0">
  <testcase name="tesingAnalyticalPgae" time="7.186" classname="test.AnalyticsTest"/>
</testsuite> <!-- test.AnalyticsTest -->
