<?xml version="1.0" encoding="UTF-8"?>
<!-- Generated by org.testng.reporters.JUnitReportReporter -->
<testsuite hostname="sojib-HP" name="test.MakingPlayerTest" tests="1" failures="0" timestamp="5 Mar 2016 17:03:06 GMT" time="8.220" errors="0">
  <testcase name="MakingPlayer" time="8.220" classname="test.MakingPlayerTest"/>
</testsuite> <!-- test.MakingPlayerTest -->
