<?xml version="1.0" encoding="UTF-8"?>
<!-- Generated by org.testng.reporters.JUnitReportReporter -->
<testsuite hostname="sojib-HP" name="test.BuildPlayerTest" tests="1" failures="0" timestamp="5 Mar 2016 16:28:03 GMT" time="10.477" errors="0">
  <testcase name="testDesignPlayer" time="10.477" classname="test.BuildPlayerTest"/>
</testsuite> <!-- test.BuildPlayerTest -->
