<?xml version="1.0" encoding="UTF-8"?>
<!-- Generated by org.testng.reporters.JUnitReportReporter -->
<testsuite hostname="sojib-HP" name="test.ContentVideosTest" tests="1" failures="0" timestamp="15 Dec 2015 05:22:51 GMT" time="1.622" errors="0">
  <testcase name="uploadingVideos" time="1.622" classname="test.ContentVideosTest"/>
</testsuite> <!-- test.ContentVideosTest -->
