<?xml version="1.0" encoding="UTF-8"?>
<!-- Generated by org.testng.reporters.JUnitReportReporter -->
<testsuite hostname="sojib-HP" name="test.MyAccountProfTest" tests="1" failures="0" timestamp="5 Mar 2016 16:09:10 GMT" time="11.713" errors="0">
  <testcase name="DesignProfile" time="11.713" classname="test.MyAccountProfTest"/>
</testsuite> <!-- test.MyAccountProfTest -->
